2020-02-03 18:22:47.841  INFO 15228 --- [restartedMain] com.lcke.demo.DemoApplication            : Starting DemoApplication on shenmingkai with PID 15228 (S:\AItest\ssmorign\demo\target\classes started by smk in S:\AItest\ssmorign\demo)
2020-02-03 18:22:47.860  INFO 15228 --- [restartedMain] com.lcke.demo.DemoApplication            : No active profile set, falling back to default profiles: default
2020-02-03 18:22:48.022  INFO 15228 --- [restartedMain] .e.DevToolsPropertyDefaultsPostProcessor : Devtools property defaults active! Set 'spring.devtools.add-properties' to 'false' to disable
2020-02-03 18:22:48.022  INFO 15228 --- [restartedMain] .e.DevToolsPropertyDefaultsPostProcessor : For additional web related logging consider setting the 'logging.level.web' property to 'DEBUG'
2020-02-03 18:22:50.815  INFO 15228 --- [restartedMain] .s.d.r.c.RepositoryConfigurationDelegate : Multiple Spring Data modules found, entering strict repository configuration mode!
2020-02-03 18:22:50.821  INFO 15228 --- [restartedMain] .s.d.r.c.RepositoryConfigurationDelegate : Bootstrapping Spring Data Redis repositories in DEFAULT mode.
2020-02-03 18:22:50.914  INFO 15228 --- [restartedMain] .s.d.r.c.RepositoryConfigurationDelegate : Finished Spring Data repository scanning in 43ms. Found 0 Redis repository interfaces.
2020-02-03 18:22:51.827  INFO 15228 --- [restartedMain] trationDelegate$BeanPostProcessorChecker : Bean 'druidConfiguration' of type [com.lcke.demo.utils.config.DruidConfiguration$$EnhancerBySpringCGLIB$$4ebbaa50] is not eligible for getting processed by all BeanPostProcessors (for example: not eligible for auto-proxying)
2020-02-03 18:22:52.219  INFO 15228 --- [restartedMain] trationDelegate$BeanPostProcessorChecker : Bean 'org.springframework.transaction.annotation.ProxyTransactionManagementConfiguration' of type [org.springframework.transaction.annotation.ProxyTransactionManagementConfiguration] is not eligible for getting processed by all BeanPostProcessors (for example: not eligible for auto-proxying)
2020-02-03 18:22:52.910  INFO 15228 --- [restartedMain] trationDelegate$BeanPostProcessorChecker : Bean 'redisConfig' of type [com.lcke.demo.utils.config.RedisConfig$$EnhancerBySpringCGLIB$$114925d1] is not eligible for getting processed by all BeanPostProcessors (for example: not eligible for auto-proxying)
2020-02-03 18:22:54.478  INFO 15228 --- [restartedMain] o.s.b.w.embedded.tomcat.TomcatWebServer  : Tomcat initialized with port(s): 8082 (http)
2020-02-03 18:22:54.515  INFO 15228 --- [restartedMain] o.apache.catalina.core.StandardService   : Starting service [Tomcat]
2020-02-03 18:22:54.515  INFO 15228 --- [restartedMain] org.apache.catalina.core.StandardEngine  : Starting Servlet engine: [Apache Tomcat/9.0.29]
2020-02-03 18:22:54.892  INFO 15228 --- [restartedMain] o.a.c.c.C.[Tomcat].[localhost].[/boot]   : Initializing Spring embedded WebApplicationContext
2020-02-03 18:22:54.892  INFO 15228 --- [restartedMain] o.s.web.context.ContextLoader            : Root WebApplicationContext: initialization completed in 6869 ms
2020-02-03 18:22:55.081  INFO 15228 --- [restartedMain] o.s.boot.web.servlet.RegistrationBean    : Servlet statViewServlet was not registered (possibly already registered?)
2020-02-03 18:22:55.126  INFO 15228 --- [restartedMain] com.lcke.demo.utils.MVC3Com.MyListener   : 监听器开始初始化
2020-02-03 18:22:59.097  INFO 15228 --- [restartedMain] o.s.s.concurrent.ThreadPoolTaskExecutor  : Initializing ExecutorService 'applicationTaskExecutor'
2020-02-03 18:22:59.164  INFO 15228 --- [restartedMain] o.s.b.d.a.OptionalLiveReloadServer       : LiveReload server is running on port 35729
2020-02-03 18:22:59.220  INFO 15228 --- [restartedMain] o.s.b.a.w.s.WelcomePageHandlerMapping    : Adding welcome page: class path resource [static/index.html]
2020-02-03 18:22:59.246  INFO 15228 --- [restartedMain] cConfig$$EnhancerBySpringCGLIB$$bf34cc04 : 配置主页面跳转
2020-02-03 18:23:00.007  INFO 15228 --- [restartedMain] o.s.s.c.ThreadPoolTaskScheduler          : Initializing ExecutorService 'taskScheduler'
2020-02-03 18:23:00.226  INFO 15228 --- [restartedMain] d.s.w.p.DocumentationPluginsBootstrapper : Context refreshed
2020-02-03 18:23:00.254  INFO 15228 --- [restartedMain] d.s.w.p.DocumentationPluginsBootstrapper : Found 1 custom documentation plugin(s)
2020-02-03 18:23:00.273  INFO 15228 --- [restartedMain] s.d.s.w.s.ApiListingReferenceScanner     : Scanning for api listing references
2020-02-03 18:23:00.297  INFO 15228 --- [restartedMain] o.s.a.r.c.CachingConnectionFactory       : Attempting to connect to: [127.0.0.1:5672]
2020-02-03 18:23:00.359  INFO 15228 --- [restartedMain] o.s.a.r.c.CachingConnectionFactory       : Created new connection: rabbitConnectionFactory#1b9ef8fc:0/SimpleConnection@b4b312f [delegate=amqp://test@127.0.0.1:5672/, localPort= 62686]
2020-02-03 18:23:00.558  INFO 15228 --- [restartedMain] o.s.b.w.embedded.tomcat.TomcatWebServer  : Tomcat started on port(s): 8082 (http) with context path '/boot'
2020-02-03 18:23:00.566  INFO 15228 --- [restartedMain] com.lcke.demo.DemoApplication            : Started DemoApplication in 13.804 seconds (JVM running for 19.352)
